Arguments: 
  C:\Program Files\nodejs\node.exe C:\Users\MSI\AppData\Roaming\npm\node_modules\yarn\bin\yarn.js install

PATH: 
  C:\Windows\system32;C:\Windows;C:\Windows\System32\Wbem;C:\Windows\System32\WindowsPowerShell\v1.0\;C:\Windows\System32\OpenSSH\;C:\Program Files (x86)\NVIDIA Corporation\PhysX\Common;C:\Program Files\NVIDIA Corporation\NVIDIA NvDLISR;C:\Program Files\nodejs\;C:\Program Files\Git\cmd;C:\WINDOWS\system32;C:\WINDOWS;C:\WINDOWS\System32\Wbem;C:\WINDOWS\System32\WindowsPowerShell\v1.0\;C:\WINDOWS\System32\OpenSSH\;C:\Users\MSI\AppData\Local\Microsoft\WindowsApps;C:\Users\MSI\AppData\Roaming\npm;C:\Users\MSI\AppData\Local\GitHubDesktop\bin;C:\Program Files\JetBrains\WebStorm 2021.1\bin;;;C:\Program Files\JetBrains\IntelliJ IDEA 2021.1\bin;

Yarn version: 
  1.22.10

Node version: 
  14.16.1

Platform: 
  win32 x64

Trace: 
  Error: https://registry.yarnpkg.com/nuxt-one: Not found
      at Request.params.callback [as _callback] (C:\Users\MSI\AppData\Roaming\npm\node_modules\yarn\lib\cli.js:66988:18)
      at Request.self.callback (C:\Users\MSI\AppData\Roaming\npm\node_modules\yarn\lib\cli.js:140662:22)
      at Request.emit (events.js:315:20)
      at Request.<anonymous> (C:\Users\MSI\AppData\Roaming\npm\node_modules\yarn\lib\cli.js:141634:10)
      at Request.emit (events.js:315:20)
      at IncomingMessage.<anonymous> (C:\Users\MSI\AppData\Roaming\npm\node_modules\yarn\lib\cli.js:141556:12)
      at Object.onceWrapper (events.js:421:28)
      at IncomingMessage.emit (events.js:327:22)
      at endReadableNT (internal/streams/readable.js:1327:12)
      at processTicksAndRejections (internal/process/task_queues.js:80:21)

npm manifest: 
  {
    "name": "nuxt-two",
    "version": "0.0.0",
    "npmClient": "yarn",
    "description": "Now I’m the model of a modern major general / The venerated Virginian veteran whose men are all / Lining up, to put me up on a pedestal / Writin’ letters to relatives / Embellishin’ my elegance and eloquence / But the elephant is in the room / The truth is in ya face when ya hear the British cannons go / BOOM",
    "keywords": [],
    "author": "RaedKhalaf <r.khalaf@foothillsolutions.com>",
    "license": "ISC",
    "main": "lib/nuxt-two.js",
    "directories": {
      "lib": "lib",
      "test": "__tests__"
    },
    "files": [
      "lib"
    ],
    "scripts": {
      "test": "echo \"Error: run tests from root\" && exit 1"
    },
    "dependencies": {
      "nuxt": "^2.15.4",
      "nuxt-one": "^0.0.0"
    }
  }

yarn manifest: 
  No manifest

Lockfile: 
  No lockfile
